<?xml version="1.0" encoding="UTF-8"?>
<!-- Generated by org.testng.reporters.JUnitXMLReporter -->
<testsuite ignored="2" hostname="LAPTOP-LP00NI2V" failures="0" tests="1" name="Default test" time="20.839" errors="0" timestamp="2022-07-29T23:53:31 IST">
  <testcase classname="TestCases.BankDetailTest" name="bankMandatoryAlert" time="13.147"/>
  <testcase classname="TestCases.BankDetailTest" name="bankMandatoryFields" time="0.0">
    <ignored/>
  </testcase> <!-- bankMandatoryFields -->
  <testcase classname="TestCases.BankDetailTest" name="bankAllFields" time="0.0">
    <ignored/>
  </testcase> <!-- bankAllFields -->
</testsuite> <!-- Default test -->
