<?xml version="1.0" encoding="UTF-8"?>
<!-- Generated by org.testng.reporters.JUnitXMLReporter -->
<testsuite ignored="7" hostname="LAPTOP-LP00NI2V" failures="0" tests="1" name="Default test" time="11.456" errors="0" timestamp="2022-07-20T09:25:57 IST">
  <testcase classname="TestCases.LoginTest" name="validLogin" time="3.723"/>
  <testcase classname="TestCases.LoginTest" name="cancelButton" time="0.0">
    <ignored/>
  </testcase> <!-- cancelButton -->
  <testcase classname="TestCases.LoginTest" name="accessPassLink" time="0.0">
    <ignored/>
  </testcase> <!-- accessPassLink -->
  <testcase classname="TestCases.LoginTest" name="invalidEmail" time="0.0">
    <ignored/>
  </testcase> <!-- invalidEmail -->
  <testcase classname="TestCases.LoginTest" name="invalidEmail1" time="0.0">
    <ignored/>
  </testcase> <!-- invalidEmail1 -->
  <testcase classname="TestCases.LoginTest" name="blankEmail" time="0.0">
    <ignored/>
  </testcase> <!-- blankEmail -->
  <testcase classname="TestCases.LoginTest" name="accessEmailField" time="0.0">
    <ignored/>
  </testcase> <!-- accessEmailField -->
  <testcase classname="TestCases.LoginTest" name="rememberme" time="0.0">
    <ignored/>
  </testcase> <!-- rememberme -->
</testsuite> <!-- Default test -->
