<?xml version="1.0" encoding="UTF-8"?>
<!-- Generated by org.testng.reporters.JUnitXMLReporter -->
<testsuite ignored="0" hostname="LAPTOP-LP00NI2V" failures="0" tests="3" name="ExecutingInEdge" time="58.635" errors="0" timestamp="2022-07-30T00:33:02 IST">
  <testcase classname="TestCases.CreateWorkerTest" name="createWorkerAllFields" time="13.918"/>
  <testcase classname="TestCases.CreateWorkerTest" name="createWorkerMandatoryFields" time="11.577"/>
  <testcase classname="TestCases.CreateWorkerTest" name="createWorkerMandatoryAlert" time="9.703"/>
</testsuite> <!-- ExecutingInEdge -->
