<?xml version="1.0" encoding="UTF-8"?>
<!-- Generated by org.testng.reporters.JUnitXMLReporter -->
<testsuite ignored="0" hostname="LAPTOP-LP00NI2V" failures="0" tests="3" name="ExecutingInChrome" time="33.895" errors="0" timestamp="2022-07-30T00:32:37 IST">
  <testcase classname="TestCases.WorkerTest" name="isSearchFilterWorking" time="6.157"/>
  <testcase classname="TestCases.WorkerTest" name="isViewFunctionWorking" time="4.641"/>
  <testcase classname="TestCases.WorkerTest" name="isEditFunctionWorking" time="6.365"/>
</testsuite> <!-- ExecutingInChrome -->
