<?xml version="1.0" encoding="UTF-8"?>
<testsuite xmlns:xsi="http://www.w3.org/2001/XMLSchema-instance" xsi:noNamespaceSchemaLocation="https://maven.apache.org/surefire/maven-surefire-plugin/xsd/surefire-test-report-3.0.xsd" version="3.0" name="TestSuite" time="77.894" tests="11" errors="0" skipped="0" failures="3">
  <properties>
[...]
</properties>
  <testcase name="validLogin" classname="TestCases.LoginTest" time="4.153"/>
  <testcase name="accessPassLink" classname="TestCases.LoginTest" time="1.033"/>
  <testcase name="accessEmailField" classname="TestCases.LoginTest" time="1.053"/>
  <testcase name="invalidEmail" classname="TestCases.LoginTest" time="1.186">
    <failure message="expected [Email is not a valid email address.] but found []" type="java.lang.AssertionError"><![CDATA[java.lang.AssertionError: expected [Email is not a valid email address.] but found []
	at TestCases.LoginTest.invalidEmail(LoginTest.java:97)
]]></failure>
    <system-out><![CDATA[Successfully entered value
]]></system-out>
    <system-err><![CDATA[Starting ChromeDriver 103.0.5060.53 (a1711811edd74ff1cf2150f36ffa3b0dae40b17f-refs/branch-heads/5060@{#853}) on port 53502
Only local connections are allowed.
Please see https://chromedriver.chromium.org/security-considerations for suggestions on keeping ChromeDriver safe.
ChromeDriver was started successfully.
Jul 23, 2022 9:32:09 PM org.openqa.selenium.remote.ProtocolHandshake createSession
INFO: Detected dialect: W3C
Jul 23, 2022 9:32:09 PM org.openqa.selenium.devtools.CdpVersionFinder findNearestMatch
WARNING: Unable to find an exact match for CDP version 103, so returning the closest version found: a no-op implementation
Jul 23, 2022 9:32:09 PM org.openqa.selenium.devtools.CdpVersionFinder findNearestMatch
INFO: Unable to find CDP implementation matching 103.
Jul 23, 2022 9:32:09 PM org.openqa.selenium.chromium.ChromiumDriver lambda$new$3
WARNING: Unable to find version of CDP to use for . You may need to include a dependency on a specific version of the CDP using something similar to `org.seleniumhq.selenium:selenium-devtools-v86:4.1.2` where the version ("v86") matches the version of the chromium-based browser you're using and the version number of the artifact is the same as Selenium's.
]]></system-err>
  </testcase>
  <testcase name="blankEmail" classname="TestCases.LoginTest" time="1.319">
    <failure message="expected [Email cannot be blank.] but found []" type="java.lang.AssertionError"><![CDATA[java.lang.AssertionError: expected [Email cannot be blank.] but found []
	at TestCases.LoginTest.blankEmail(LoginTest.java:110)
]]></failure>
    <system-out><![CDATA[Successfully entered value

]]></system-out>
    <system-err><![CDATA[Starting ChromeDriver 103.0.5060.53 (a1711811edd74ff1cf2150f36ffa3b0dae40b17f-refs/branch-heads/5060@{#853}) on port 50259
Only local connections are allowed.
Please see https://chromedriver.chromium.org/security-considerations for suggestions on keeping ChromeDriver safe.
ChromeDriver was started successfully.
Jul 23, 2022 9:32:16 PM org.openqa.selenium.remote.ProtocolHandshake createSession
INFO: Detected dialect: W3C
Jul 23, 2022 9:32:16 PM org.openqa.selenium.devtools.CdpVersionFinder findNearestMatch
WARNING: Unable to find an exact match for CDP version 103, so returning the closest version found: a no-op implementation
Jul 23, 2022 9:32:16 PM org.openqa.selenium.devtools.CdpVersionFinder findNearestMatch
INFO: Unable to find CDP implementation matching 103.
Jul 23, 2022 9:32:16 PM org.openqa.selenium.chromium.ChromiumDriver lambda$new$3
WARNING: Unable to find version of CDP to use for . You may need to include a dependency on a specific version of the CDP using something similar to `org.seleniumhq.selenium:selenium-devtools-v86:4.1.2` where the version ("v86") matches the version of the chromium-based browser you're using and the version number of the artifact is the same as Selenium's.
]]></system-err>
  </testcase>
  <testcase name="invalidEmail1" classname="TestCases.LoginTest" time="1.233">
    <failure message="expected [There is no user with this email address.] but found []" type="java.lang.AssertionError"><![CDATA[java.lang.AssertionError: expected [There is no user with this email address.] but found []
	at TestCases.LoginTest.invalidEmail1(LoginTest.java:123)
]]></failure>
    <system-err><![CDATA[Starting ChromeDriver 103.0.5060.53 (a1711811edd74ff1cf2150f36ffa3b0dae40b17f-refs/branch-heads/5060@{#853}) on port 63129
Only local connections are allowed.
Please see https://chromedriver.chromium.org/security-considerations for suggestions on keeping ChromeDriver safe.
ChromeDriver was started successfully.
Jul 23, 2022 9:32:22 PM org.openqa.selenium.remote.ProtocolHandshake createSession
INFO: Detected dialect: W3C
Jul 23, 2022 9:32:22 PM org.openqa.selenium.devtools.CdpVersionFinder findNearestMatch
WARNING: Unable to find an exact match for CDP version 103, so returning the closest version found: a no-op implementation
Jul 23, 2022 9:32:22 PM org.openqa.selenium.devtools.CdpVersionFinder findNearestMatch
INFO: Unable to find CDP implementation matching 103.
Jul 23, 2022 9:32:22 PM org.openqa.selenium.chromium.ChromiumDriver lambda$new$3
WARNING: Unable to find version of CDP to use for . You may need to include a dependency on a specific version of the CDP using something similar to `org.seleniumhq.selenium:selenium-devtools-v86:4.1.2` where the version ("v86") matches the version of the chromium-based browser you're using and the version number of the artifact is the same as Selenium's.
]]></system-err>
  </testcase>
  <testcase name="cancelButton" classname="TestCases.LoginTest" time="1.492"/>
  <testcase name="rememberme" classname="TestCases.LoginTest" time="0.104"/>
  <testcase name="invalidCredentials" classname="TestCases.InvalidLoginTest" time="1.17"/>
  <testcase name="blankUsername" classname="TestCases.InvalidLoginTest" time="0.989"/>
  <testcase name="blankPassword" classname="TestCases.InvalidLoginTest" time="1.254"/>
</testsuite>