<?xml version="1.0" encoding="UTF-8"?>
<testng-results ignored="7" total="8" passed="1" failed="0" skipped="0">
  <reporter-output>
  </reporter-output>
  <suite started-at="2022-07-20T09:25:46 IST" name="Default suite" finished-at="2022-07-20T09:25:57 IST" duration-ms="11456">
    <groups>
    </groups>
    <test started-at="2022-07-20T09:25:46 IST" name="Default test" finished-at="2022-07-20T09:25:57 IST" duration-ms="11456">
      <class name="TestCases.LoginTest">
        <test-method is-config="true" signature="loadConfig()[pri:0, instance:TestCases.LoginTest@4b45a2f5]" started-at="2022-07-20T09:25:45 IST" name="loadConfig" finished-at="2022-07-20T09:25:46 IST" duration-ms="238" status="PASS">
          <reporter-output>
          </reporter-output>
        </test-method> <!-- loadConfig -->
        <test-method is-config="true" signature="start()[pri:0, instance:TestCases.LoginTest@4b45a2f5]" started-at="2022-07-20T09:25:46 IST" name="start" finished-at="2022-07-20T09:25:53 IST" duration-ms="7597" status="PASS">
          <reporter-output>
          </reporter-output>
        </test-method> <!-- start -->
        <test-method signature="validLogin()[pri:1, instance:TestCases.LoginTest@4b45a2f5]" started-at="2022-07-20T09:25:53 IST" name="validLogin" finished-at="2022-07-20T09:25:57 IST" duration-ms="3723" status="PASS">
          <reporter-output>
          </reporter-output>
        </test-method> <!-- validLogin -->
        <test-method is-config="true" signature="close()[pri:0, instance:TestCases.LoginTest@4b45a2f5]" started-at="2022-07-20T09:25:57 IST" name="close" finished-at="2022-07-20T09:25:57 IST" duration-ms="104" status="PASS">
          <reporter-output>
          </reporter-output>
        </test-method> <!-- close -->
        <test-method is-config="true" signature="End()[pri:0, instance:TestCases.LoginTest@4b45a2f5]" started-at="2022-07-20T09:25:57 IST" name="End" finished-at="2022-07-20T09:25:57 IST" duration-ms="3" status="PASS">
          <reporter-output>
          </reporter-output>
        </test-method> <!-- End -->
      </class> <!-- TestCases.LoginTest -->
    </test> <!-- Default test -->
  </suite> <!-- Default suite -->
</testng-results>
